<?xml version="1.0" encoding="UTF-8"?>
<!-- Generated by org.testng.reporters.JUnitReportReporter -->
<testsuite skipped="0" hostname="DESKTOP-M631KOO" name="com.lego.tests.Lego_Test_02" tests="1" failures="0" timestamp="21 jun 2021 06:40:53 GMT" time="26.659" errors="0">
  <testcase name="lego_test_02" time="26.659" classname="com.lego.tests.Lego_Test_02"/>
</testsuite> <!-- com.lego.tests.Lego_Test_02 -->
